Determining if the pthread_create exist failed with the following output:
Change Dir: /home/radu/tiltUp3_ws/build/catkin_simple/CMakeFiles/CMakeTmp

Run Build Command:"/usr/bin/make" "cmTC_1b930/fast"
/usr/bin/make -f CMakeFiles/cmTC_1b930.dir/build.make CMakeFiles/cmTC_1b930.dir/build
make[1]: Entering directory '/home/radu/tiltUp3_ws/build/catkin_simple/CMakeFiles/CMakeTmp'
Building C object CMakeFiles/cmTC_1b930.dir/CheckSymbolExists.c.o
/usr/bin/cc     -o CMakeFiles/cmTC_1b930.dir/CheckSymbolExists.c.o   -c /home/radu/tiltUp3_ws/build/catkin_simple/CMakeFiles/CMakeTmp/CheckSymbolExists.c
Linking C executable cmTC_1b930
/usr/bin/cmake -E cmake_link_script CMakeFiles/cmTC_1b930.dir/link.txt --verbose=1
/usr/bin/cc       CMakeFiles/cmTC_1b930.dir/CheckSymbolExists.c.o  -o cmTC_1b930 -rdynamic 
CMakeFiles/cmTC_1b930.dir/CheckSymbolExists.c.o: In function `main':
CheckSymbolExists.c:(.text+0x16): undefined reference to `pthread_create'
collect2: error: ld returned 1 exit status
CMakeFiles/cmTC_1b930.dir/build.make:97: recipe for target 'cmTC_1b930' failed
make[1]: *** [cmTC_1b930] Error 1
make[1]: Leaving directory '/home/radu/tiltUp3_ws/build/catkin_simple/CMakeFiles/CMakeTmp'
Makefile:126: recipe for target 'cmTC_1b930/fast' failed
make: *** [cmTC_1b930/fast] Error 2

File /home/radu/tiltUp3_ws/build/catkin_simple/CMakeFiles/CMakeTmp/CheckSymbolExists.c:
/* */
#include <pthread.h>

int main(int argc, char** argv)
{
  (void)argv;
#ifndef pthread_create
  return ((int*)(&pthread_create))[argc];
#else
  (void)argc;
  return 0;
#endif
}

Determining if the function pthread_create exists in the pthreads failed with the following output:
Change Dir: /home/radu/tiltUp3_ws/build/catkin_simple/CMakeFiles/CMakeTmp

Run Build Command:"/usr/bin/make" "cmTC_bcb13/fast"
/usr/bin/make -f CMakeFiles/cmTC_bcb13.dir/build.make CMakeFiles/cmTC_bcb13.dir/build
make[1]: Entering directory '/home/radu/tiltUp3_ws/build/catkin_simple/CMakeFiles/CMakeTmp'
Building C object CMakeFiles/cmTC_bcb13.dir/CheckFunctionExists.c.o
/usr/bin/cc    -DCHECK_FUNCTION_EXISTS=pthread_create   -o CMakeFiles/cmTC_bcb13.dir/CheckFunctionExists.c.o   -c /usr/share/cmake-3.5/Modules/CheckFunctionExists.c
Linking C executable cmTC_bcb13
/usr/bin/cmake -E cmake_link_script CMakeFiles/cmTC_bcb13.dir/link.txt --verbose=1
/usr/bin/cc   -DCHECK_FUNCTION_EXISTS=pthread_create    CMakeFiles/cmTC_bcb13.dir/CheckFunctionExists.c.o  -o cmTC_bcb13 -rdynamic -lpthreads 
/usr/bin/ld: cannot find -lpthreads
collect2: error: ld returned 1 exit status
CMakeFiles/cmTC_bcb13.dir/build.make:97: recipe for target 'cmTC_bcb13' failed
make[1]: *** [cmTC_bcb13] Error 1
make[1]: Leaving directory '/home/radu/tiltUp3_ws/build/catkin_simple/CMakeFiles/CMakeTmp'
Makefile:126: recipe for target 'cmTC_bcb13/fast' failed
make: *** [cmTC_bcb13/fast] Error 2


