Determining if the pthread_create exist failed with the following output:
Change Dir: /home/radu/tiltUp3_ws/build/ethzasl_msf/CMakeFiles/CMakeTmp

Run Build Command:"/usr/bin/make" "cmTC_dccef/fast"
/usr/bin/make -f CMakeFiles/cmTC_dccef.dir/build.make CMakeFiles/cmTC_dccef.dir/build
make[1]: Entering directory '/home/radu/tiltUp3_ws/build/ethzasl_msf/CMakeFiles/CMakeTmp'
Building C object CMakeFiles/cmTC_dccef.dir/CheckSymbolExists.c.o
/usr/bin/cc     -o CMakeFiles/cmTC_dccef.dir/CheckSymbolExists.c.o   -c /home/radu/tiltUp3_ws/build/ethzasl_msf/CMakeFiles/CMakeTmp/CheckSymbolExists.c
Linking C executable cmTC_dccef
/usr/bin/cmake -E cmake_link_script CMakeFiles/cmTC_dccef.dir/link.txt --verbose=1
/usr/bin/cc       CMakeFiles/cmTC_dccef.dir/CheckSymbolExists.c.o  -o cmTC_dccef -rdynamic 
CMakeFiles/cmTC_dccef.dir/CheckSymbolExists.c.o: In function `main':
CheckSymbolExists.c:(.text+0x16): undefined reference to `pthread_create'
collect2: error: ld returned 1 exit status
CMakeFiles/cmTC_dccef.dir/build.make:97: recipe for target 'cmTC_dccef' failed
make[1]: *** [cmTC_dccef] Error 1
make[1]: Leaving directory '/home/radu/tiltUp3_ws/build/ethzasl_msf/CMakeFiles/CMakeTmp'
Makefile:126: recipe for target 'cmTC_dccef/fast' failed
make: *** [cmTC_dccef/fast] Error 2

File /home/radu/tiltUp3_ws/build/ethzasl_msf/CMakeFiles/CMakeTmp/CheckSymbolExists.c:
/* */
#include <pthread.h>

int main(int argc, char** argv)
{
  (void)argv;
#ifndef pthread_create
  return ((int*)(&pthread_create))[argc];
#else
  (void)argc;
  return 0;
#endif
}

Determining if the function pthread_create exists in the pthreads failed with the following output:
Change Dir: /home/radu/tiltUp3_ws/build/ethzasl_msf/CMakeFiles/CMakeTmp

Run Build Command:"/usr/bin/make" "cmTC_b5fd1/fast"
/usr/bin/make -f CMakeFiles/cmTC_b5fd1.dir/build.make CMakeFiles/cmTC_b5fd1.dir/build
make[1]: Entering directory '/home/radu/tiltUp3_ws/build/ethzasl_msf/CMakeFiles/CMakeTmp'
Building C object CMakeFiles/cmTC_b5fd1.dir/CheckFunctionExists.c.o
/usr/bin/cc    -DCHECK_FUNCTION_EXISTS=pthread_create   -o CMakeFiles/cmTC_b5fd1.dir/CheckFunctionExists.c.o   -c /usr/share/cmake-3.5/Modules/CheckFunctionExists.c
Linking C executable cmTC_b5fd1
/usr/bin/cmake -E cmake_link_script CMakeFiles/cmTC_b5fd1.dir/link.txt --verbose=1
/usr/bin/cc   -DCHECK_FUNCTION_EXISTS=pthread_create    CMakeFiles/cmTC_b5fd1.dir/CheckFunctionExists.c.o  -o cmTC_b5fd1 -rdynamic -lpthreads 
/usr/bin/ld: cannot find -lpthreads
collect2: error: ld returned 1 exit status
CMakeFiles/cmTC_b5fd1.dir/build.make:97: recipe for target 'cmTC_b5fd1' failed
make[1]: *** [cmTC_b5fd1] Error 1
make[1]: Leaving directory '/home/radu/tiltUp3_ws/build/ethzasl_msf/CMakeFiles/CMakeTmp'
Makefile:126: recipe for target 'cmTC_b5fd1/fast' failed
make: *** [cmTC_b5fd1/fast] Error 2


