Symlinking /home/radu/tiltUp3_ws/devel/lib/python2.7/dist-packages/sensor_fusion_comm/__init__.py
Symlinking /home/radu/tiltUp3_ws/devel/lib/python2.7/dist-packages/sensor_fusion_comm/srv/__init__.py
Symlinking /home/radu/tiltUp3_ws/devel/lib/python2.7/dist-packages/sensor_fusion_comm/srv/_InitScale.py
Symlinking /home/radu/tiltUp3_ws/devel/lib/python2.7/dist-packages/sensor_fusion_comm/srv/_InitHeight.py
Symlinking /home/radu/tiltUp3_ws/devel/lib/python2.7/dist-packages/sensor_fusion_comm/msg/_DoubleArrayStamped.py
Symlinking /home/radu/tiltUp3_ws/devel/lib/python2.7/dist-packages/sensor_fusion_comm/msg/__init__.py
Symlinking /home/radu/tiltUp3_ws/devel/lib/python2.7/dist-packages/sensor_fusion_comm/msg/_ExtState.py
Symlinking /home/radu/tiltUp3_ws/devel/lib/python2.7/dist-packages/sensor_fusion_comm/msg/_ExtEkf.py
Symlinking /home/radu/tiltUp3_ws/devel/lib/python2.7/dist-packages/sensor_fusion_comm/msg/_PointWithCovarianceStamped.py
Symlinking /home/radu/tiltUp3_ws/devel/lib/python2.7/dist-packages/sensor_fusion_comm/msg/_DoubleMatrixStamped.py
Symlinking /home/radu/tiltUp3_ws/devel/lib/pkgconfig/sensor_fusion_comm.pc
Symlinking /home/radu/tiltUp3_ws/devel/share/common-lisp/ros/sensor_fusion_comm/srv/_package_InitHeight.lisp
Symlinking /home/radu/tiltUp3_ws/devel/share/common-lisp/ros/sensor_fusion_comm/srv/sensor_fusion_comm-srv.asd
Symlinking /home/radu/tiltUp3_ws/devel/share/common-lisp/ros/sensor_fusion_comm/srv/InitHeight.lisp
Symlinking /home/radu/tiltUp3_ws/devel/share/common-lisp/ros/sensor_fusion_comm/srv/InitScale.lisp
Symlinking /home/radu/tiltUp3_ws/devel/share/common-lisp/ros/sensor_fusion_comm/srv/_package.lisp
Symlinking /home/radu/tiltUp3_ws/devel/share/common-lisp/ros/sensor_fusion_comm/srv/_package_InitScale.lisp
Symlinking /home/radu/tiltUp3_ws/devel/share/common-lisp/ros/sensor_fusion_comm/msg/ExtState.lisp
Symlinking /home/radu/tiltUp3_ws/devel/share/common-lisp/ros/sensor_fusion_comm/msg/_package_ExtState.lisp
Symlinking /home/radu/tiltUp3_ws/devel/share/common-lisp/ros/sensor_fusion_comm/msg/sensor_fusion_comm-msg.asd
Symlinking /home/radu/tiltUp3_ws/devel/share/common-lisp/ros/sensor_fusion_comm/msg/_package_DoubleArrayStamped.lisp
Symlinking /home/radu/tiltUp3_ws/devel/share/common-lisp/ros/sensor_fusion_comm/msg/_package_PointWithCovarianceStamped.lisp
Symlinking /home/radu/tiltUp3_ws/devel/share/common-lisp/ros/sensor_fusion_comm/msg/PointWithCovarianceStamped.lisp
Symlinking /home/radu/tiltUp3_ws/devel/share/common-lisp/ros/sensor_fusion_comm/msg/_package_DoubleMatrixStamped.lisp
Symlinking /home/radu/tiltUp3_ws/devel/share/common-lisp/ros/sensor_fusion_comm/msg/ExtEkf.lisp
Symlinking /home/radu/tiltUp3_ws/devel/share/common-lisp/ros/sensor_fusion_comm/msg/DoubleMatrixStamped.lisp
Symlinking /home/radu/tiltUp3_ws/devel/share/common-lisp/ros/sensor_fusion_comm/msg/_package.lisp
Symlinking /home/radu/tiltUp3_ws/devel/share/common-lisp/ros/sensor_fusion_comm/msg/DoubleArrayStamped.lisp
Symlinking /home/radu/tiltUp3_ws/devel/share/common-lisp/ros/sensor_fusion_comm/msg/_package_ExtEkf.lisp
Symlinking /home/radu/tiltUp3_ws/devel/share/roseus/ros/sensor_fusion_comm/manifest.l
Symlinking /home/radu/tiltUp3_ws/devel/share/roseus/ros/sensor_fusion_comm/srv/InitHeight.l
Symlinking /home/radu/tiltUp3_ws/devel/share/roseus/ros/sensor_fusion_comm/srv/InitScale.l
Symlinking /home/radu/tiltUp3_ws/devel/share/roseus/ros/sensor_fusion_comm/msg/DoubleMatrixStamped.l
Symlinking /home/radu/tiltUp3_ws/devel/share/roseus/ros/sensor_fusion_comm/msg/ExtEkf.l
Symlinking /home/radu/tiltUp3_ws/devel/share/roseus/ros/sensor_fusion_comm/msg/PointWithCovarianceStamped.l
Symlinking /home/radu/tiltUp3_ws/devel/share/roseus/ros/sensor_fusion_comm/msg/DoubleArrayStamped.l
Symlinking /home/radu/tiltUp3_ws/devel/share/roseus/ros/sensor_fusion_comm/msg/ExtState.l
Symlinking /home/radu/tiltUp3_ws/devel/share/gennodejs/ros/sensor_fusion_comm/_index.js
Symlinking /home/radu/tiltUp3_ws/devel/share/gennodejs/ros/sensor_fusion_comm/srv/InitHeight.js
Symlinking /home/radu/tiltUp3_ws/devel/share/gennodejs/ros/sensor_fusion_comm/srv/InitScale.js
Symlinking /home/radu/tiltUp3_ws/devel/share/gennodejs/ros/sensor_fusion_comm/srv/_index.js
Symlinking /home/radu/tiltUp3_ws/devel/share/gennodejs/ros/sensor_fusion_comm/msg/ExtState.js
Symlinking /home/radu/tiltUp3_ws/devel/share/gennodejs/ros/sensor_fusion_comm/msg/PointWithCovarianceStamped.js
Symlinking /home/radu/tiltUp3_ws/devel/share/gennodejs/ros/sensor_fusion_comm/msg/DoubleArrayStamped.js
Symlinking /home/radu/tiltUp3_ws/devel/share/gennodejs/ros/sensor_fusion_comm/msg/DoubleMatrixStamped.js
Symlinking /home/radu/tiltUp3_ws/devel/share/gennodejs/ros/sensor_fusion_comm/msg/ExtEkf.js
Symlinking /home/radu/tiltUp3_ws/devel/share/gennodejs/ros/sensor_fusion_comm/msg/_index.js
Symlinking /home/radu/tiltUp3_ws/devel/share/sensor_fusion_comm/cmake/sensor_fusion_commConfig-version.cmake
Symlinking /home/radu/tiltUp3_ws/devel/share/sensor_fusion_comm/cmake/sensor_fusion_comm-msg-paths.cmake
Symlinking /home/radu/tiltUp3_ws/devel/share/sensor_fusion_comm/cmake/sensor_fusion_comm-msg-extras.cmake
Symlinking /home/radu/tiltUp3_ws/devel/share/sensor_fusion_comm/cmake/sensor_fusion_commConfig.cmake
Symlinking /home/radu/tiltUp3_ws/devel/include/sensor_fusion_comm/InitHeightResponse.h
Symlinking /home/radu/tiltUp3_ws/devel/include/sensor_fusion_comm/DoubleArrayStamped.h
Symlinking /home/radu/tiltUp3_ws/devel/include/sensor_fusion_comm/InitScale.h
Symlinking /home/radu/tiltUp3_ws/devel/include/sensor_fusion_comm/InitScaleResponse.h
Symlinking /home/radu/tiltUp3_ws/devel/include/sensor_fusion_comm/ExtState.h
Symlinking /home/radu/tiltUp3_ws/devel/include/sensor_fusion_comm/ExtEkf.h
Symlinking /home/radu/tiltUp3_ws/devel/include/sensor_fusion_comm/PointWithCovarianceStamped.h
Symlinking /home/radu/tiltUp3_ws/devel/include/sensor_fusion_comm/DoubleMatrixStamped.h
Symlinking /home/radu/tiltUp3_ws/devel/include/sensor_fusion_comm/InitScaleRequest.h
Symlinking /home/radu/tiltUp3_ws/devel/include/sensor_fusion_comm/InitHeight.h
Symlinking /home/radu/tiltUp3_ws/devel/include/sensor_fusion_comm/InitHeightRequest.h
