Symlinking /home/radu/tiltUp3_ws/devel/lib/libpose_distorter.so
Symlinking /home/radu/tiltUp3_ws/devel/lib/python2.7/dist-packages/msf_updates/__init__.py
Symlinking /home/radu/tiltUp3_ws/devel/lib/python2.7/dist-packages/msf_updates/cfg/PositionPoseSensorConfig.py
Symlinking /home/radu/tiltUp3_ws/devel/lib/python2.7/dist-packages/msf_updates/cfg/SinglePositionSensorConfig.py
Symlinking /home/radu/tiltUp3_ws/devel/lib/python2.7/dist-packages/msf_updates/cfg/PosePressureSensorConfig.py
Symlinking /home/radu/tiltUp3_ws/devel/lib/python2.7/dist-packages/msf_updates/cfg/SinglePoseSensorConfig.py
Symlinking /home/radu/tiltUp3_ws/devel/lib/python2.7/dist-packages/msf_updates/cfg/__init__.py
Symlinking /home/radu/tiltUp3_ws/devel/lib/python2.7/dist-packages/msf_updates/cfg/SphericalPositionSensorConfig.py
Symlinking /home/radu/tiltUp3_ws/devel/lib/msf_updates/test_distort
Symlinking /home/radu/tiltUp3_ws/devel/lib/msf_updates/pose_pressure_sensor
Symlinking /home/radu/tiltUp3_ws/devel/lib/msf_updates/pose_sensor
Symlinking /home/radu/tiltUp3_ws/devel/lib/msf_updates/position_pose_sensor
Symlinking /home/radu/tiltUp3_ws/devel/lib/msf_updates/spherical_position_sensor
Symlinking /home/radu/tiltUp3_ws/devel/lib/msf_updates/position_sensor
Symlinking /home/radu/tiltUp3_ws/devel/lib/pkgconfig/msf_updates.pc
Symlinking /home/radu/tiltUp3_ws/devel/share/msf_updates/cmake/msf_updatesConfig-version.cmake
Symlinking /home/radu/tiltUp3_ws/devel/share/msf_updates/cmake/msf_updatesConfig.cmake
Symlinking /home/radu/tiltUp3_ws/devel/share/msf_updates/docs/SphericalPositionSensorConfig.wikidoc
Symlinking /home/radu/tiltUp3_ws/devel/share/msf_updates/docs/SphericalPositionSensorConfig-usage.dox
Symlinking /home/radu/tiltUp3_ws/devel/share/msf_updates/docs/SinglePoseSensorConfig.dox
Symlinking /home/radu/tiltUp3_ws/devel/share/msf_updates/docs/PosePressureSensorConfig.dox
Symlinking /home/radu/tiltUp3_ws/devel/share/msf_updates/docs/PosePressureSensorConfig-usage.dox
Symlinking /home/radu/tiltUp3_ws/devel/share/msf_updates/docs/SinglePoseSensorConfig-usage.dox
Symlinking /home/radu/tiltUp3_ws/devel/share/msf_updates/docs/PositionPoseSensorConfig.dox
Symlinking /home/radu/tiltUp3_ws/devel/share/msf_updates/docs/PosePressureSensorConfig.wikidoc
Symlinking /home/radu/tiltUp3_ws/devel/share/msf_updates/docs/SinglePositionSensorConfig-usage.dox
Symlinking /home/radu/tiltUp3_ws/devel/share/msf_updates/docs/PositionPoseSensorConfig-usage.dox
Symlinking /home/radu/tiltUp3_ws/devel/share/msf_updates/docs/SinglePoseSensorConfig.wikidoc
Symlinking /home/radu/tiltUp3_ws/devel/share/msf_updates/docs/SphericalPositionSensorConfig.dox
Symlinking /home/radu/tiltUp3_ws/devel/share/msf_updates/docs/SinglePositionSensorConfig.dox
Symlinking /home/radu/tiltUp3_ws/devel/share/msf_updates/docs/PositionPoseSensorConfig.wikidoc
Symlinking /home/radu/tiltUp3_ws/devel/share/msf_updates/docs/SinglePositionSensorConfig.wikidoc
Symlinking /home/radu/tiltUp3_ws/devel/include/msf_updates/PositionPoseSensorConfig.h
Symlinking /home/radu/tiltUp3_ws/devel/include/msf_updates/SphericalPositionSensorConfig.h
Symlinking /home/radu/tiltUp3_ws/devel/include/msf_updates/SinglePositionSensorConfig.h
Symlinking /home/radu/tiltUp3_ws/devel/include/msf_updates/PosePressureSensorConfig.h
Symlinking /home/radu/tiltUp3_ws/devel/include/msf_updates/SinglePoseSensorConfig.h
