[35m[1mScanning dependencies of target _sensor_fusion_comm_generate_messages_check_deps_InitHeight[0m
[  0%] Built target _sensor_fusion_comm_generate_messages_check_deps_InitHeight
[35m[1mScanning dependencies of target _sensor_fusion_comm_generate_messages_check_deps_DoubleMatrixStamped[0m
[  0%] Built target _sensor_fusion_comm_generate_messages_check_deps_DoubleMatrixStamped
[35m[1mScanning dependencies of target _sensor_fusion_comm_generate_messages_check_deps_ExtState[0m
[  0%] Built target _sensor_fusion_comm_generate_messages_check_deps_ExtState
[35m[1mScanning dependencies of target geometry_msgs_generate_messages_nodejs[0m
[  0%] Built target geometry_msgs_generate_messages_nodejs
[35m[1mScanning dependencies of target std_msgs_generate_messages_nodejs[0m
[  0%] Built target std_msgs_generate_messages_nodejs
[35m[1mScanning dependencies of target _sensor_fusion_comm_generate_messages_check_deps_DoubleArrayStamped[0m
[  0%] Built target _sensor_fusion_comm_generate_messages_check_deps_DoubleArrayStamped
[35m[1mScanning dependencies of target _sensor_fusion_comm_generate_messages_check_deps_ExtEkf[0m
[  0%] Built target _sensor_fusion_comm_generate_messages_check_deps_ExtEkf
[35m[1mScanning dependencies of target _sensor_fusion_comm_generate_messages_check_deps_PointWithCovarianceStamped[0m
[  0%] Built target _sensor_fusion_comm_generate_messages_check_deps_PointWithCovarianceStamped
[35m[1mScanning dependencies of target _sensor_fusion_comm_generate_messages_check_deps_InitScale[0m
[  0%] Built target _sensor_fusion_comm_generate_messages_check_deps_InitScale
[35m[1mScanning dependencies of target geometry_msgs_generate_messages_py[0m
[  0%] Built target geometry_msgs_generate_messages_py
[35m[1mScanning dependencies of target std_msgs_generate_messages_py[0m
[  0%] Built target std_msgs_generate_messages_py
[35m[1mScanning dependencies of target geometry_msgs_generate_messages_lisp[0m
[  0%] Built target geometry_msgs_generate_messages_lisp
[35m[1mScanning dependencies of target std_msgs_generate_messages_lisp[0m
[  0%] Built target std_msgs_generate_messages_lisp
[35m[1mScanning dependencies of target geometry_msgs_generate_messages_eus[0m
[  0%] Built target geometry_msgs_generate_messages_eus
[35m[1mScanning dependencies of target std_msgs_generate_messages_eus[0m
[  0%] Built target std_msgs_generate_messages_eus
[35m[1mScanning dependencies of target geometry_msgs_generate_messages_cpp[0m
[  0%] Built target geometry_msgs_generate_messages_cpp
[35m[1mScanning dependencies of target std_msgs_generate_messages_cpp[0m
[  0%] Built target std_msgs_generate_messages_cpp
[35m[1mScanning dependencies of target sensor_fusion_comm_generate_messages_nodejs[0m
[  2%] [34m[1mGenerating Javascript code from sensor_fusion_comm/DoubleArrayStamped.msg[0m
[  5%] [34m[1mGenerating Javascript code from sensor_fusion_comm/PointWithCovarianceStamped.msg[0m
[  7%] [34m[1mGenerating Javascript code from sensor_fusion_comm/ExtState.msg[0m
[ 10%] [34m[1mGenerating Javascript code from sensor_fusion_comm/DoubleMatrixStamped.msg[0m
[ 13%] [34m[1mGenerating Javascript code from sensor_fusion_comm/ExtEkf.msg[0m
[ 15%] [34m[1mGenerating Javascript code from sensor_fusion_comm/InitScale.srv[0m
[ 18%] [34m[1mGenerating Javascript code from sensor_fusion_comm/InitHeight.srv[0m
[ 18%] Built target sensor_fusion_comm_generate_messages_nodejs
[35m[1mScanning dependencies of target sensor_fusion_comm_generate_messages_py[0m
[ 21%] [34m[1mGenerating Python from MSG sensor_fusion_comm/DoubleArrayStamped[0m
[ 23%] [34m[1mGenerating Python from MSG sensor_fusion_comm/PointWithCovarianceStamped[0m
[ 26%] [34m[1mGenerating Python from MSG sensor_fusion_comm/ExtState[0m
[ 28%] [34m[1mGenerating Python from MSG sensor_fusion_comm/DoubleMatrixStamped[0m
[ 31%] [34m[1mGenerating Python from MSG sensor_fusion_comm/ExtEkf[0m
[ 34%] [34m[1mGenerating Python code from SRV sensor_fusion_comm/InitScale[0m
[ 36%] [34m[1mGenerating Python code from SRV sensor_fusion_comm/InitHeight[0m
[ 39%] [34m[1mGenerating Python msg __init__.py for sensor_fusion_comm[0m
[ 42%] [34m[1mGenerating Python srv __init__.py for sensor_fusion_comm[0m
[ 42%] Built target sensor_fusion_comm_generate_messages_py
[35m[1mScanning dependencies of target sensor_fusion_comm_generate_messages_lisp[0m
[ 44%] [34m[1mGenerating Lisp code from sensor_fusion_comm/DoubleArrayStamped.msg[0m
[ 47%] [34m[1mGenerating Lisp code from sensor_fusion_comm/PointWithCovarianceStamped.msg[0m
[ 50%] [34m[1mGenerating Lisp code from sensor_fusion_comm/ExtState.msg[0m
[ 52%] [34m[1mGenerating Lisp code from sensor_fusion_comm/DoubleMatrixStamped.msg[0m
[ 55%] [34m[1mGenerating Lisp code from sensor_fusion_comm/ExtEkf.msg[0m
[ 57%] [34m[1mGenerating Lisp code from sensor_fusion_comm/InitScale.srv[0m
[ 60%] [34m[1mGenerating Lisp code from sensor_fusion_comm/InitHeight.srv[0m
[ 60%] Built target sensor_fusion_comm_generate_messages_lisp
[35m[1mScanning dependencies of target sensor_fusion_comm_generate_messages_eus[0m
[ 63%] [34m[1mGenerating EusLisp code from sensor_fusion_comm/DoubleArrayStamped.msg[0m
[ 65%] [34m[1mGenerating EusLisp code from sensor_fusion_comm/PointWithCovarianceStamped.msg[0m
[ 68%] [34m[1mGenerating EusLisp code from sensor_fusion_comm/ExtState.msg[0m
[ 71%] [34m[1mGenerating EusLisp code from sensor_fusion_comm/DoubleMatrixStamped.msg[0m
[ 73%] [34m[1mGenerating EusLisp code from sensor_fusion_comm/ExtEkf.msg[0m
[ 76%] [34m[1mGenerating EusLisp code from sensor_fusion_comm/InitScale.srv[0m
[ 78%] [34m[1mGenerating EusLisp code from sensor_fusion_comm/InitHeight.srv[0m
[ 81%] [34m[1mGenerating EusLisp manifest code for sensor_fusion_comm[0m
[ 81%] Built target sensor_fusion_comm_generate_messages_eus
[35m[1mScanning dependencies of target sensor_fusion_comm_generate_messages_cpp[0m
[ 84%] [34m[1mGenerating C++ code from sensor_fusion_comm/DoubleArrayStamped.msg[0m
[ 86%] [34m[1mGenerating C++ code from sensor_fusion_comm/PointWithCovarianceStamped.msg[0m
[ 89%] [34m[1mGenerating C++ code from sensor_fusion_comm/ExtState.msg[0m
[ 92%] [34m[1mGenerating C++ code from sensor_fusion_comm/DoubleMatrixStamped.msg[0m
[ 94%] [34m[1mGenerating C++ code from sensor_fusion_comm/ExtEkf.msg[0m
[ 97%] [34m[1mGenerating C++ code from sensor_fusion_comm/InitScale.srv[0m
[100%] [34m[1mGenerating C++ code from sensor_fusion_comm/InitHeight.srv[0m
[100%] Built target sensor_fusion_comm_generate_messages_cpp
[35m[1mScanning dependencies of target sensor_fusion_comm_generate_messages[0m
[100%] Built target sensor_fusion_comm_generate_messages
