[01m[K/home/radu/tiltUp3_ws/src/laird_comm/src/receiver_node.cc:[m[K In member function ‘[01m[Kvoid LairdCommunicationReceiverNode::readData()[m[K’:
[01m[K/home/radu/tiltUp3_ws/src/laird_comm/src/receiver_node.cc:134:26:[m[K [01;31m[Kerror: [m[K‘[01m[Kgeometry_msgs::PoseWithCovariance_<std::allocator<void> >::_pose_type {aka struct geometry_msgs::Pose_<std::allocator<void> >}[m[K’ has no member named ‘[01m[Kquaternion[m[K’
       data_odo.pose.pose.quaternion.x = qx;
[01;32m[K                          ^[m[K
[01m[K/home/radu/tiltUp3_ws/src/laird_comm/src/receiver_node.cc:135:26:[m[K [01;31m[Kerror: [m[K‘[01m[Kgeometry_msgs::PoseWithCovariance_<std::allocator<void> >::_pose_type {aka struct geometry_msgs::Pose_<std::allocator<void> >}[m[K’ has no member named ‘[01m[Kquaternion[m[K’
       data_odo.pose.pose.quaternion.y = qy;
[01;32m[K                          ^[m[K
[01m[K/home/radu/tiltUp3_ws/src/laird_comm/src/receiver_node.cc:136:26:[m[K [01;31m[Kerror: [m[K‘[01m[Kgeometry_msgs::PoseWithCovariance_<std::allocator<void> >::_pose_type {aka struct geometry_msgs::Pose_<std::allocator<void> >}[m[K’ has no member named ‘[01m[Kquaternion[m[K’
       data_odo.pose.pose.quaternion.z = qz;
[01;32m[K                          ^[m[K
[01m[K/home/radu/tiltUp3_ws/src/laird_comm/src/receiver_node.cc:137:26:[m[K [01;31m[Kerror: [m[K‘[01m[Kgeometry_msgs::PoseWithCovariance_<std::allocator<void> >::_pose_type {aka struct geometry_msgs::Pose_<std::allocator<void> >}[m[K’ has no member named ‘[01m[Kquaternion[m[K’
       data_odo.pose.pose.quaternion.w = qw;
[01;32m[K                          ^[m[K
[01m[K/home/radu/tiltUp3_ws/src/laird_comm/src/receiver_node.cc:[m[K In constructor ‘[01m[KLairdCommunicationReceiverNode::LairdCommunicationReceiverNode(const ros::NodeHandle&)[m[K’:
[01m[K/home/radu/tiltUp3_ws/src/laird_comm/src/receiver_node.cc:33:65:[m[K [01;35m[Kwarning: [m[Kignoring return value of ‘[01m[Kint system(const char*)[m[K’, declared with attribute warn_unused_result [-Wunused-result]
   system("echo 'pop123123' | sudo -S stty -F /dev/ttyS4 115200");
[01;32m[K                                                                 ^[m[K
make[2]: *** [CMakeFiles/receiver_node.dir/src/receiver_node.cc.o] Error 1
make[1]: *** [CMakeFiles/receiver_node.dir/all] Error 2
make: *** [all] Error 2
