Determining if the pthread_create exist failed with the following output:
Change Dir: /home/radu/tiltUp3_ws/build/mavros/CMakeFiles/CMakeTmp

Run Build Command:"/usr/bin/make" "cmTC_405ef/fast"
/usr/bin/make -f CMakeFiles/cmTC_405ef.dir/build.make CMakeFiles/cmTC_405ef.dir/build
make[1]: Entering directory '/home/radu/tiltUp3_ws/build/mavros/CMakeFiles/CMakeTmp'
Building C object CMakeFiles/cmTC_405ef.dir/CheckSymbolExists.c.o
/usr/bin/cc     -o CMakeFiles/cmTC_405ef.dir/CheckSymbolExists.c.o   -c /home/radu/tiltUp3_ws/build/mavros/CMakeFiles/CMakeTmp/CheckSymbolExists.c
Linking C executable cmTC_405ef
/usr/bin/cmake -E cmake_link_script CMakeFiles/cmTC_405ef.dir/link.txt --verbose=1
/usr/bin/cc       CMakeFiles/cmTC_405ef.dir/CheckSymbolExists.c.o  -o cmTC_405ef -rdynamic 
CMakeFiles/cmTC_405ef.dir/CheckSymbolExists.c.o: In function `main':
CheckSymbolExists.c:(.text+0x16): undefined reference to `pthread_create'
collect2: error: ld returned 1 exit status
CMakeFiles/cmTC_405ef.dir/build.make:97: recipe for target 'cmTC_405ef' failed
make[1]: *** [cmTC_405ef] Error 1
make[1]: Leaving directory '/home/radu/tiltUp3_ws/build/mavros/CMakeFiles/CMakeTmp'
Makefile:126: recipe for target 'cmTC_405ef/fast' failed
make: *** [cmTC_405ef/fast] Error 2

File /home/radu/tiltUp3_ws/build/mavros/CMakeFiles/CMakeTmp/CheckSymbolExists.c:
/* */
#include <pthread.h>

int main(int argc, char** argv)
{
  (void)argv;
#ifndef pthread_create
  return ((int*)(&pthread_create))[argc];
#else
  (void)argc;
  return 0;
#endif
}

Determining if the function pthread_create exists in the pthreads failed with the following output:
Change Dir: /home/radu/tiltUp3_ws/build/mavros/CMakeFiles/CMakeTmp

Run Build Command:"/usr/bin/make" "cmTC_76cc1/fast"
/usr/bin/make -f CMakeFiles/cmTC_76cc1.dir/build.make CMakeFiles/cmTC_76cc1.dir/build
make[1]: Entering directory '/home/radu/tiltUp3_ws/build/mavros/CMakeFiles/CMakeTmp'
Building C object CMakeFiles/cmTC_76cc1.dir/CheckFunctionExists.c.o
/usr/bin/cc    -DCHECK_FUNCTION_EXISTS=pthread_create   -o CMakeFiles/cmTC_76cc1.dir/CheckFunctionExists.c.o   -c /usr/share/cmake-3.5/Modules/CheckFunctionExists.c
Linking C executable cmTC_76cc1
/usr/bin/cmake -E cmake_link_script CMakeFiles/cmTC_76cc1.dir/link.txt --verbose=1
/usr/bin/cc   -DCHECK_FUNCTION_EXISTS=pthread_create    CMakeFiles/cmTC_76cc1.dir/CheckFunctionExists.c.o  -o cmTC_76cc1 -rdynamic -lpthreads 
/usr/bin/ld: cannot find -lpthreads
collect2: error: ld returned 1 exit status
CMakeFiles/cmTC_76cc1.dir/build.make:97: recipe for target 'cmTC_76cc1' failed
make[1]: *** [cmTC_76cc1] Error 1
make[1]: Leaving directory '/home/radu/tiltUp3_ws/build/mavros/CMakeFiles/CMakeTmp'
Makefile:126: recipe for target 'cmTC_76cc1/fast' failed
make: *** [cmTC_76cc1/fast] Error 2


