Determining if the pthread_create exist failed with the following output:
Change Dir: /home/radu/tiltUp3_ws/build/rad_io/CMakeFiles/CMakeTmp

Run Build Command:"/usr/bin/make" "cmTC_5d61f/fast"
/usr/bin/make -f CMakeFiles/cmTC_5d61f.dir/build.make CMakeFiles/cmTC_5d61f.dir/build
make[1]: Entering directory '/home/radu/tiltUp3_ws/build/rad_io/CMakeFiles/CMakeTmp'
Building C object CMakeFiles/cmTC_5d61f.dir/CheckSymbolExists.c.o
/usr/bin/cc     -o CMakeFiles/cmTC_5d61f.dir/CheckSymbolExists.c.o   -c /home/radu/tiltUp3_ws/build/rad_io/CMakeFiles/CMakeTmp/CheckSymbolExists.c
Linking C executable cmTC_5d61f
/usr/bin/cmake -E cmake_link_script CMakeFiles/cmTC_5d61f.dir/link.txt --verbose=1
/usr/bin/cc       CMakeFiles/cmTC_5d61f.dir/CheckSymbolExists.c.o  -o cmTC_5d61f -rdynamic 
CMakeFiles/cmTC_5d61f.dir/CheckSymbolExists.c.o: In function `main':
CheckSymbolExists.c:(.text+0x16): undefined reference to `pthread_create'
collect2: error: ld returned 1 exit status
CMakeFiles/cmTC_5d61f.dir/build.make:97: recipe for target 'cmTC_5d61f' failed
make[1]: *** [cmTC_5d61f] Error 1
make[1]: Leaving directory '/home/radu/tiltUp3_ws/build/rad_io/CMakeFiles/CMakeTmp'
Makefile:126: recipe for target 'cmTC_5d61f/fast' failed
make: *** [cmTC_5d61f/fast] Error 2

File /home/radu/tiltUp3_ws/build/rad_io/CMakeFiles/CMakeTmp/CheckSymbolExists.c:
/* */
#include <pthread.h>

int main(int argc, char** argv)
{
  (void)argv;
#ifndef pthread_create
  return ((int*)(&pthread_create))[argc];
#else
  (void)argc;
  return 0;
#endif
}

Determining if the function pthread_create exists in the pthreads failed with the following output:
Change Dir: /home/radu/tiltUp3_ws/build/rad_io/CMakeFiles/CMakeTmp

Run Build Command:"/usr/bin/make" "cmTC_fe25b/fast"
/usr/bin/make -f CMakeFiles/cmTC_fe25b.dir/build.make CMakeFiles/cmTC_fe25b.dir/build
make[1]: Entering directory '/home/radu/tiltUp3_ws/build/rad_io/CMakeFiles/CMakeTmp'
Building C object CMakeFiles/cmTC_fe25b.dir/CheckFunctionExists.c.o
/usr/bin/cc    -DCHECK_FUNCTION_EXISTS=pthread_create   -o CMakeFiles/cmTC_fe25b.dir/CheckFunctionExists.c.o   -c /usr/share/cmake-3.5/Modules/CheckFunctionExists.c
Linking C executable cmTC_fe25b
/usr/bin/cmake -E cmake_link_script CMakeFiles/cmTC_fe25b.dir/link.txt --verbose=1
/usr/bin/cc   -DCHECK_FUNCTION_EXISTS=pthread_create    CMakeFiles/cmTC_fe25b.dir/CheckFunctionExists.c.o  -o cmTC_fe25b -rdynamic -lpthreads 
/usr/bin/ld: cannot find -lpthreads
collect2: error: ld returned 1 exit status
CMakeFiles/cmTC_fe25b.dir/build.make:97: recipe for target 'cmTC_fe25b' failed
make[1]: *** [cmTC_fe25b] Error 1
make[1]: Leaving directory '/home/radu/tiltUp3_ws/build/rad_io/CMakeFiles/CMakeTmp'
Makefile:126: recipe for target 'cmTC_fe25b/fast' failed
make: *** [cmTC_fe25b/fast] Error 2


